[debug] [2020-09-03T12:28:31.921Z] ----------------------------------------------------------------------
[debug] [2020-09-03T12:28:31.924Z] Command:       C:\Program Files\nodejs\node.exe C:\Users\81809\AppData\Roaming\npm\node_modules\firebase-tools\lib\bin\firebase.js emulators:start --only functions
[debug] [2020-09-03T12:28:31.924Z] CLI Version:   8.9.2
[debug] [2020-09-03T12:28:31.924Z] Platform:      win32
[debug] [2020-09-03T12:28:31.924Z] Node Version:  v10.16.0
[debug] [2020-09-03T12:28:31.925Z] Time:          Thu Sep 03 2020 21:28:31 GMT+0900 (Japan Standard Time)
[debug] [2020-09-03T12:28:31.926Z] ----------------------------------------------------------------------
[debug] [2020-09-03T12:28:31.926Z] 
[debug] [2020-09-03T12:28:31.938Z] > command requires scopes: ["email","openid","https://www.googleapis.com/auth/cloudplatformprojects.readonly","https://www.googleapis.com/auth/firebase","https://www.googleapis.com/auth/cloud-platform"]
[debug] [2020-09-03T12:28:31.939Z] > authorizing via signed-in user
[info] i  emulators: Starting emulators: functions {"metadata":{"emulator":{"name":"hub"},"message":"Starting emulators: functions"}}
[debug] [2020-09-03T12:28:33.961Z] [hub] writing locator at C:\Users\81809\AppData\Local\Temp\hub-tourney-pred.json
[warn] !  functions: The following emulators are not running, calls to these services from the Functions emulator will affect production: firestore, database, hosting, pubsub {"metadata":{"emulator":{"name":"functions"},"message":"The following emulators are not running, calls to these services from the Functions emulator will affect production: \u001b[1mfirestore, database, hosting, pubsub\u001b[22m"}}
[info] +  functions: Using node@10 from host. {"metadata":{"emulator":{"name":"functions"},"message":"Using node@10 from host."}}
[debug] [2020-09-03T12:28:35.997Z] defaultcredentials: writing to file C:\Users\81809\AppData\Roaming\firebase\weebforce101_gmail_com_application_default_credentials.json
[debug] [2020-09-03T12:28:35.999Z] Setting GAC to C:\Users\81809\AppData\Roaming\firebase\weebforce101_gmail_com_application_default_credentials.json {"metadata":{"emulator":{"name":"functions"},"message":"Setting GAC to C:\\Users\\81809\\AppData\\Roaming\\firebase\\weebforce101_gmail_com_application_default_credentials.json"}}
[debug] [2020-09-03T12:28:40.016Z] Ignoring unsupported arg: auto_download {"metadata":{"emulator":{"name":"ui"},"message":"Ignoring unsupported arg: auto_download"}}
[debug] [2020-09-03T12:28:40.017Z] Ignoring unsupported arg: port {"metadata":{"emulator":{"name":"ui"},"message":"Ignoring unsupported arg: port"}}
[debug] [2020-09-03T12:28:40.017Z] Starting Emulator UI with command {"binary":"node","args":["C:\\Users\\81809\\.cache\\firebase\\emulators\\ui-v1.1.1\\server.bundle.js"],"optionalArgs":[],"joinArgs":false} {"metadata":{"emulator":{"name":"ui"},"message":"Starting Emulator UI with command {\"binary\":\"node\",\"args\":[\"C:\\\\Users\\\\81809\\\\.cache\\\\firebase\\\\emulators\\\\ui-v1.1.1\\\\server.bundle.js\"],\"optionalArgs\":[],\"joinArgs\":false}"}}
[info] i  ui: Emulator UI logging to ui-debug.log {"metadata":{"emulator":{"name":"ui"},"message":"Emulator UI logging to \u001b[1mui-debug.log\u001b[22m"}}
[debug] [2020-09-03T12:28:40.210Z] Web / API server started at http://localhost:4000
 {"metadata":{"emulator":{"name":"ui"},"message":"Web / API server started at http://localhost:4000\n"}}
[info] i  functions: Watching "C:\Users\81809\Desktop\Coding\tourneypred\tourneypred\functions" for Cloud Functions... {"metadata":{"emulator":{"name":"functions"},"message":"Watching \"C:\\Users\\81809\\Desktop\\Coding\\tourneypred\\tourneypred\\functions\" for Cloud Functions..."}}
[debug] [2020-09-03T12:28:40.549Z] [worker-pool] addWorker(~diagnostic~) {"metadata":{"emulator":{"name":"functions"},"message":"[worker-pool] addWorker(~diagnostic~)"}}
[debug] [2020-09-03T12:28:40.549Z] [worker-pool] Adding worker with key ~diagnostic~, total=1 {"metadata":{"emulator":{"name":"functions"},"message":"[worker-pool] Adding worker with key ~diagnostic~, total=1"}}
[debug] [2020-09-03T12:28:40.549Z] [worker-pool] submitWork(triggerId=) {"metadata":{"emulator":{"name":"functions"},"message":"[worker-pool] submitWork(triggerId=)"}}
[debug] [2020-09-03T12:28:40.549Z] [worker-~diagnostic~-deee2f7f-081a-4426-aff6-ee595361be4b]: Assigning socketPath: \\?\pipe\C:\Users\81809\Desktop\Coding\tourneypred\tourneypred\functions\2412 {"metadata":{"emulator":{"name":"functions"},"message":"[worker-~diagnostic~-deee2f7f-081a-4426-aff6-ee595361be4b]: Assigning socketPath: \\\\?\\pipe\\C:\\Users\\81809\\Desktop\\Coding\\tourneypred\\tourneypred\\functions\\2412"}}
[debug] [2020-09-03T12:28:40.550Z] [worker-~diagnostic~-deee2f7f-081a-4426-aff6-ee595361be4b]: BUSY {"metadata":{"emulator":{"name":"functions"},"message":"[worker-~diagnostic~-deee2f7f-081a-4426-aff6-ee595361be4b]: BUSY"}}
